<?xml version="1.0" encoding="UTF-8"?>
<!-- Generated by org.testng.reporters.JUnitReportReporter -->
<testsuite skipped="0" hostname="JKTLAP345" name="tests.MortageCalculatorTest" tests="1" failures="0" timestamp="2021-04-25T00:45:03 IST" time="8.308" errors="0">
  <testcase name="ValidateMortageCalculator" time="8.308" classname="tests.MortageCalculatorTest"/>
  <system-out/>
</testsuite> <!-- tests.MortageCalculatorTest -->
